<?xml version="1.0" encoding="UTF-8"?>
<!-- Generated by org.testng.reporters.JUnitXMLReporter -->
<testsuite hostname="PRAVEENK1GX1S93" name="Test" tests="10" failures="0" timestamp="24 Oct 2021 07:19:13 GMT" time="0.032" errors="0">
  <testcase name="suite4" time="0.015" classname="testNG.Testsuite2"/>
  <testcase name="suite5" time="0.0" classname="testNG.Testsuite2"/>
  <testcase name="suite5" time="0.0" classname="testNG.Testsuite2"/>
  <testcase name="suite5" time="0.0" classname="testNG.Testsuite2"/>
  <testcase name="suite5" time="0.016" classname="testNG.Testsuite2"/>
  <testcase name="suite5" time="0.0" classname="testNG.Testsuite2"/>
  <testcase name="suite6" time="0.0" classname="testNG.Testsuite2"/>
  <testcase name="suite1" time="0.0" classname="testNG.Testsuite1"/>
  <testcase name="suite2" time="0.0" classname="testNG.Testsuite1"/>
  <testcase name="suite3" time="0.0" classname="testNG.Testsuite1"/>
</testsuite> <!-- Test -->
